<?xml version="1.0" encoding="UTF-8"?>
<!-- Generated by org.testng.reporters.JUnitXMLReporter -->
<testsuite ignored="2" hostname="LAPTOP-G8GD3N8V" failures="0" tests="1" name="Default test" time="0.143" errors="0" timestamp="2022-10-03T10:26:28 IST">
  <testcase classname="sampletestcases.LoginTests" name="verifyloginwithInvalidcredential" time="0.016"/>
  <testcase classname="sampletestcases.LoginTests" name="verifyloginwithvalidcredential" time="0.0">
    <ignored/>
  </testcase> <!-- verifyloginwithvalidcredential -->
  <testcase classname="sampletestcases.LoginTests" name="verifyloginwithnocredential" time="0.0">
    <ignored/>
  </testcase> <!-- verifyloginwithnocredential -->
</testsuite> <!-- Default test -->
