<?xml version="1.0" encoding="UTF-8"?>
<!-- Generated by org.testng.reporters.JUnitXMLReporter -->
<testsuite ignored="0" hostname="LAPTOP-G8GD3N8V" failures="0" tests="3" name="Test" time="0.112" errors="0" timestamp="2022-10-03T11:08:02 IST">
  <testcase classname="sampletestcases.LoginTests" name="verifyloginwithInvalidcredential" time="0.011"/>
  <testcase classname="sampletestcases.LoginTests" name="verifyloginwithnocredential" time="0.0"/>
  <testcase classname="sampletestcases.LoginTests" name="verifyloginwithvalidcredential" time="0.0"/>
</testsuite> <!-- Test -->
