<?xml version="1.0" encoding="UTF-8"?>
<testng-results ignored="0" total="3" passed="3" failed="0" skipped="0">
  <reporter-output>
  </reporter-output>
  <suite started-at="2022-10-03T11:08:01 IST" name="Suite" finished-at="2022-10-03T11:08:02 IST" duration-ms="112">
    <groups>
    </groups>
    <test started-at="2022-10-03T11:08:01 IST" name="Test" finished-at="2022-10-03T11:08:02 IST" duration-ms="112">
      <class name="sampletestcases.LoginTests">
        <test-method signature="verifyloginwithInvalidcredential()[pri:0, instance:sampletestcases.LoginTests@3943a2be]" started-at="2022-10-03T11:08:02 IST" name="verifyloginwithInvalidcredential" finished-at="2022-10-03T11:08:02 IST" duration-ms="11" status="PASS">
          <reporter-output>
          </reporter-output>
        </test-method> <!-- verifyloginwithInvalidcredential -->
        <test-method signature="verifyloginwithnocredential()[pri:0, instance:sampletestcases.LoginTests@3943a2be]" started-at="2022-10-03T11:08:02 IST" name="verifyloginwithnocredential" finished-at="2022-10-03T11:08:02 IST" duration-ms="0" status="PASS">
          <reporter-output>
          </reporter-output>
        </test-method> <!-- verifyloginwithnocredential -->
        <test-method signature="verifyloginwithvalidcredential()[pri:0, instance:sampletestcases.LoginTests@3943a2be]" started-at="2022-10-03T11:08:02 IST" name="verifyloginwithvalidcredential" finished-at="2022-10-03T11:08:02 IST" duration-ms="0" status="PASS">
          <reporter-output>
          </reporter-output>
        </test-method> <!-- verifyloginwithvalidcredential -->
      </class> <!-- sampletestcases.LoginTests -->
    </test> <!-- Test -->
  </suite> <!-- Suite -->
</testng-results>
