<?xml version="1.0" encoding="UTF-8"?>
<testng-results ignored="2" total="3" passed="1" failed="0" skipped="0">
  <reporter-output>
  </reporter-output>
  <suite started-at="2022-10-03T10:26:28 IST" name="Default suite" finished-at="2022-10-03T10:26:28 IST" duration-ms="143">
    <groups>
    </groups>
    <test started-at="2022-10-03T10:26:28 IST" name="Default test" finished-at="2022-10-03T10:26:28 IST" duration-ms="143">
      <class name="sampletestcases.LoginTests">
        <test-method signature="verifyloginwithInvalidcredential()[pri:0, instance:sampletestcases.LoginTests@6253c26]" started-at="2022-10-03T10:26:28 IST" name="verifyloginwithInvalidcredential" finished-at="2022-10-03T10:26:28 IST" duration-ms="16" status="PASS">
          <reporter-output>
          </reporter-output>
        </test-method> <!-- verifyloginwithInvalidcredential -->
      </class> <!-- sampletestcases.LoginTests -->
    </test> <!-- Default test -->
  </suite> <!-- Default suite -->
</testng-results>
